<?xml version="1.0" encoding="UTF-8"?>
<!-- Generated by org.testng.reporters.JUnitReportReporter -->
<testsuite hostname="MacBook-Pro-2.local" failures="0" tests="2" name="testNGTutorial.TestClass3" time="0.005" errors="0" timestamp="2019-10-22T20:03:34 PDT" skipped="0">
  <testcase classname="testNGTutorial.TestClass3" name="LogInAPICarLoan" time="0.003"/>
  <testcase classname="testNGTutorial.TestClass3" name="WebLogin" time="0.002"/>
</testsuite> <!-- testNGTutorial.TestClass3 -->
