<?xml version="1.0" encoding="UTF-8"?>
<!-- Generated by org.testng.reporters.JUnitReportReporter -->
<testsuite hostname="MacBook-Pro-2.local" failures="0" tests="1" name="testNGTutorial.TestClass2" time="0.016" errors="0" timestamp="2019-10-22T20:30:10 PDT" skipped="0">
  <testcase classname="testNGTutorial.TestClass2" name="TC1" time="0.016"/>
</testsuite> <!-- testNGTutorial.TestClass2 -->
