<?xml version="1.0" encoding="UTF-8"?>
<!-- Generated by org.testng.reporters.JUnitReportReporter -->
<testsuite hostname="MacBook-Pro-2.local" failures="0" tests="2" name="testNGTutorial.testNGBasics" time="0.012" errors="0" timestamp="2019-10-22T18:15:41 PDT" skipped="0">
  <testcase classname="testNGTutorial.testNGBasics" name="TC2" time="0.003"/>
  <testcase classname="testNGTutorial.testNGBasics" name="TC" time="0.009"/>
</testsuite> <!-- testNGTutorial.testNGBasics -->
