<?xml version="1.0" encoding="UTF-8"?>
<!-- Generated by org.testng.reporters.JUnitReportReporter -->
<testsuite hostname="MacBook-Pro-2.local" failures="0" tests="2" name="testNGTutorial.TestClass4" time="0.003" errors="0" timestamp="2019-10-22T20:30:10 PDT" skipped="0">
  <testcase classname="testNGTutorial.TestClass4" name="LogInAPICarLoan" time="0.002"/>
  <testcase classname="testNGTutorial.TestClass4" name="WebLoginHome" time="0.001"/>
</testsuite> <!-- testNGTutorial.TestClass4 -->
